0 info it worked if it ends with ok
1 verbose cli [ '/usr/bin/node', '/usr/bin/npm', 'run', 'css-build' ]
2 info using npm@3.5.2
3 info using node@v8.10.0
4 verbose run-script [ 'precss-build', 'css-build', 'postcss-build' ]
5 info lifecycle mybulma@1.0.0~precss-build: mybulma@1.0.0
6 silly lifecycle mybulma@1.0.0~precss-build: no script for precss-build, continuing
7 info lifecycle mybulma@1.0.0~css-build: mybulma@1.0.0
8 verbose lifecycle mybulma@1.0.0~css-build: unsafe-perm in lifecycle true
9 verbose lifecycle mybulma@1.0.0~css-build: PATH: /usr/share/npm/bin/node-gyp-bin:/home/rishi/FinalImani/mybulma/node_modules/.bin:/home/rishi/.local/bin:/usr/local/sbin:/usr/local/bin:/usr/sbin:/usr/bin:/sbin:/bin:/usr/games:/usr/local/games:/snap/bin
10 verbose lifecycle mybulma@1.0.0~css-build: CWD: /home/rishi/FinalImani/mybulma
11 silly lifecycle mybulma@1.0.0~css-build: Args: [ '-c',
11 silly lifecycle   'node-sass --omit-source-map-url sass/mystyles.scss css/mystyles.css' ]
12 silly lifecycle mybulma@1.0.0~css-build: Returned: code: 1  signal: null
13 info lifecycle mybulma@1.0.0~css-build: Failed to exec css-build script
14 verbose stack Error: mybulma@1.0.0 css-build: `node-sass --omit-source-map-url sass/mystyles.scss css/mystyles.css`
14 verbose stack Exit status 1
14 verbose stack     at EventEmitter.<anonymous> (/usr/share/npm/lib/utils/lifecycle.js:232:16)
14 verbose stack     at emitTwo (events.js:126:13)
14 verbose stack     at EventEmitter.emit (events.js:214:7)
14 verbose stack     at ChildProcess.<anonymous> (/usr/share/npm/lib/utils/spawn.js:24:14)
14 verbose stack     at emitTwo (events.js:126:13)
14 verbose stack     at ChildProcess.emit (events.js:214:7)
14 verbose stack     at maybeClose (internal/child_process.js:925:16)
14 verbose stack     at Process.ChildProcess._handle.onexit (internal/child_process.js:209:5)
15 verbose pkgid mybulma@1.0.0
16 verbose cwd /home/rishi/FinalImani/mybulma/css
17 error Linux 4.15.0-46-generic
18 error argv "/usr/bin/node" "/usr/bin/npm" "run" "css-build"
19 error node v8.10.0
20 error npm  v3.5.2
21 error code ELIFECYCLE
22 error mybulma@1.0.0 css-build: `node-sass --omit-source-map-url sass/mystyles.scss css/mystyles.css`
22 error Exit status 1
23 error Failed at the mybulma@1.0.0 css-build script 'node-sass --omit-source-map-url sass/mystyles.scss css/mystyles.css'.
23 error Make sure you have the latest version of node.js and npm installed.
23 error If you do, this is most likely a problem with the mybulma package,
23 error not with npm itself.
23 error Tell the author that this fails on your system:
23 error     node-sass --omit-source-map-url sass/mystyles.scss css/mystyles.css
23 error You can get information on how to open an issue for this project with:
23 error     npm bugs mybulma
23 error Or if that isn't available, you can get their info via:
23 error     npm owner ls mybulma
23 error There is likely additional logging output above.
24 verbose exit [ 1, true ]
